{"meta": {"format": 3, "version": "7.11.0", "timestamp": "2026-03-04T20:50:15.685060", "branch_coverage": false, "show_contexts": false}, "files": {"src/zombie_squirrel/acorn_helpers/asset_basics.py": {"executed_lines": [1, 3, 5, 6, 8, 9, 10, 16, 17, 32, 34, 48, 49, 51, 52, 53, 58, 75, 82, 87, 89, 90, 91, 92, 95, 96, 97, 98, 105, 106, 111, 114, 115, 116, 117, 118, 121, 122, 123, 124, 125, 127, 130, 131, 132, 134, 136, 151, 154, 155, 157, 159, 162, 164], "summary": {"covered_lines": 47, "num_statements": 47, "percent_covered": 100.0, "percent_covered_display": "100", "missing_lines": 0, "excluded_lines": 6}, "missing_lines": [], "excluded_lines": [3, 5, 6, 8, 9, 10], "functions": {"asset_basics": {"executed_lines": [32, 34, 48, 49, 51, 52, 53, 58, 75, 82, 87, 89, 90, 91, 92, 95, 96, 97, 98, 105, 106, 111, 114, 115, 116, 117, 118, 121, 122, 123, 124, 125, 127, 130, 131, 132, 134, 136, 151, 154, 155, 157, 159], "summary": {"covered_lines": 43, "num_statements": 43, "percent_covered": 100.0, "percent_covered_display": "100", "missing_lines": 0, "excluded_lines": 0}, "missing_lines": [], "excluded_lines": []}, "asset_basics_columns": {"executed_lines": [164], "summary": {"covered_lines": 1, "num_statements": 1, "percent_covered": 100.0, "percent_covered_display": "100", "missing_lines": 0, "excluded_lines": 0}, "missing_lines": [], "excluded_lines": []}, "": {"executed_lines": [1, 3, 5, 6, 8, 9, 10, 16, 17, 162], "summary": {"covered_lines": 3, "num_statements": 3, "percent_covered": 100.0, "percent_covered_display": "100", "missing_lines": 0, "excluded_lines": 6}, "missing_lines": [], "excluded_lines": [3, 5, 6, 8, 9, 10]}}, "classes": {"": {"executed_lines": [1, 3, 5, 6, 8, 9, 10, 16, 17, 32, 34, 48, 49, 51, 52, 53, 58, 75, 82, 87, 89, 90, 91, 92, 95, 96, 97, 98, 105, 106, 111, 114, 115, 116, 117, 118, 121, 122, 123, 124, 125, 127, 130, 131, 132, 134, 136, 151, 154, 155, 157, 159, 162, 164], "summary": {"covered_lines": 47, "num_statements": 47, "percent_covered": 100.0, "percent_covered_display": "100", "missing_lines": 0, "excluded_lines": 6}, "missing_lines": [], "excluded_lines": [3, 5, 6, 8, 9, 10]}}}, "src/zombie_squirrel/acorn_helpers/custom.py": {"executed_lines": [1, 3, 5, 8, 24, 25, 26, 27, 28, 30, 31, 32, 33], "summary": {"covered_lines": 10, "num_statements": 10, "percent_covered": 100.0, "percent_covered_display": "100", "missing_lines": 0, "excluded_lines": 2}, "missing_lines": [], "excluded_lines": [3, 5], "functions": {"custom": {"executed_lines": [24, 25, 26, 27, 28, 30, 31, 32, 33], "summary": {"covered_lines": 9, "num_statements": 9, "percent_covered": 100.0, "percent_covered_display": "100", "missing_lines": 0, "excluded_lines": 0}, "missing_lines": [], "excluded_lines": []}, "": {"executed_lines": [1, 3, 5, 8], "summary": {"covered_lines": 1, "num_statements": 1, "percent_covered": 100.0, "percent_covered_display": "100", "missing_lines": 0, "excluded_lines": 2}, "missing_lines": [], "excluded_lines": [3, 5]}}, "classes": {"": {"executed_lines": [1, 3, 5, 8, 24, 25, 26, 27, 28, 30, 31, 32, 33], "summary": {"covered_lines": 10, "num_statements": 10, "percent_covered": 100.0, "percent_covered_display": "100", "missing_lines": 0, "excluded_lines": 2}, "missing_lines": [], "excluded_lines": [3, 5]}}}, "src/zombie_squirrel/acorn_helpers/qc.py": {"executed_lines": [1, 3, 4, 6, 7, 9, 10, 11, 16, 25, 26, 64, 66, 67, 68, 69, 71, 73, 74, 82, 83, 85, 86, 88, 91, 92, 93, 95, 103, 108, 120, 121, 128, 130, 131, 132, 133, 134, 135, 137, 139, 140, 141, 142, 143, 144, 145, 147, 148, 150, 151, 152, 154, 155, 156, 158, 159, 160, 161, 162, 163, 164, 165, 166, 168, 169, 170, 171, 172, 174, 175, 182, 184, 187, 188, 189, 190, 192, 193, 195, 203, 206, 208, 218, 220, 221, 223, 224, 226, 227, 229, 230, 239], "summary": {"covered_lines": 85, "num_statements": 85, "percent_covered": 100.0, "percent_covered_display": "100", "missing_lines": 0, "excluded_lines": 7}, "missing_lines": [], "excluded_lines": [3, 4, 6, 7, 9, 10, 11], "functions": {"qc": {"executed_lines": [64, 66, 67, 68, 69, 71, 73, 74, 82, 83, 85, 86, 88], "summary": {"covered_lines": 13, "num_statements": 13, "percent_covered": 100.0, "percent_covered_display": "100", "missing_lines": 0, "excluded_lines": 0}, "missing_lines": [], "excluded_lines": []}, "_fetch_subject_qc": {"executed_lines": [92, 93, 95, 103, 108, 120, 121, 128, 130, 131, 132, 133, 134, 135, 137, 139, 140, 141, 142, 143, 144, 145, 147, 148, 150, 151, 152, 154, 155, 156, 158, 159, 160, 161, 162, 163, 164, 165, 166, 168, 169, 170, 171, 172, 174, 175, 182, 184, 187, 188, 189, 190, 192, 193, 195, 203], "summary": {"covered_lines": 56, "num_statements": 56, "percent_covered": 100.0, "percent_covered_display": "100", "missing_lines": 0, "excluded_lines": 0}, "missing_lines": [], "excluded_lines": []}, "qc_columns": {"executed_lines": [208], "summary": {"covered_lines": 1, "num_statements": 1, "percent_covered": 100.0, "percent_covered_display": "100", "missing_lines": 0, "excluded_lines": 0}, "missing_lines": [], "excluded_lines": []}, "_filter_by_asset_names": {"executed_lines": [220, 221, 223, 224, 226, 227, 229, 230, 239], "summary": {"covered_lines": 9, "num_statements": 9, "percent_covered": 100.0, "percent_covered_display": "100", "missing_lines": 0, "excluded_lines": 0}, "missing_lines": [], "excluded_lines": []}, "": {"executed_lines": [1, 3, 4, 6, 7, 9, 10, 11, 16, 25, 26, 91, 206, 218], "summary": {"covered_lines": 6, "num_statements": 6, "percent_covered": 100.0, "percent_covered_display": "100", "missing_lines": 0, "excluded_lines": 7}, "missing_lines": [], "excluded_lines": [3, 4, 6, 7, 9, 10, 11]}}, "classes": {"": {"executed_lines": [1, 3, 4, 6, 7, 9, 10, 11, 16, 25, 26, 64, 66, 67, 68, 69, 71, 73, 74, 82, 83, 85, 86, 88, 91, 92, 93, 95, 103, 108, 120, 121, 128, 130, 131, 132, 133, 134, 135, 137, 139, 140, 141, 142, 143, 144, 145, 147, 148, 150, 151, 152, 154, 155, 156, 158, 159, 160, 161, 162, 163, 164, 165, 166, 168, 169, 170, 171, 172, 174, 175, 182, 184, 187, 188, 189, 190, 192, 193, 195, 203, 206, 208, 218, 220, 221, 223, 224, 226, 227, 229, 230, 239], "summary": {"covered_lines": 85, "num_statements": 85, "percent_covered": 100.0, "percent_covered_display": "100", "missing_lines": 0, "excluded_lines": 7}, "missing_lines": [], "excluded_lines": [3, 4, 6, 7, 9, 10, 11]}}}, "src/zombie_squirrel/acorn_helpers/raw_to_derived.py": {"executed_lines": [1, 3, 6, 19, 20, 21, 22, 25], "summary": {"covered_lines": 6, "num_statements": 6, "percent_covered": 100.0, "percent_covered_display": "100", "missing_lines": 0, "excluded_lines": 1}, "missing_lines": [], "excluded_lines": [3], "functions": {"raw_to_derived": {"executed_lines": [19, 20, 21, 22, 25], "summary": {"covered_lines": 5, "num_statements": 5, "percent_covered": 100.0, "percent_covered_display": "100", "missing_lines": 0, "excluded_lines": 0}, "missing_lines": [], "excluded_lines": []}, "": {"executed_lines": [1, 3, 6], "summary": {"covered_lines": 1, "num_statements": 1, "percent_covered": 100.0, "percent_covered_display": "100", "missing_lines": 0, "excluded_lines": 1}, "missing_lines": [], "excluded_lines": [3]}}, "classes": {"": {"executed_lines": [1, 3, 6, 19, 20, 21, 22, 25], "summary": {"covered_lines": 6, "num_statements": 6, "percent_covered": 100.0, "percent_covered_display": "100", "missing_lines": 0, "excluded_lines": 1}, "missing_lines": [], "excluded_lines": [3]}}}, "src/zombie_squirrel/acorn_helpers/source_data.py": {"executed_lines": [1, 3, 4, 6, 7, 9, 10, 11, 16, 19, 20, 21, 24, 25, 38, 40, 41, 43, 44, 45, 50, 54, 59, 60, 61, 62, 63, 64, 65, 66, 67, 68, 77, 86, 87, 89, 92, 94], "summary": {"covered_lines": 30, "num_statements": 30, "percent_covered": 100.0, "percent_covered_display": "100", "missing_lines": 0, "excluded_lines": 7}, "missing_lines": [], "excluded_lines": [3, 4, 6, 7, 9, 10, 11], "functions": {"_extract_processing_time": {"executed_lines": [20, 21], "summary": {"covered_lines": 2, "num_statements": 2, "percent_covered": 100.0, "percent_covered_display": "100", "missing_lines": 0, "excluded_lines": 0}, "missing_lines": [], "excluded_lines": []}, "source_data": {"executed_lines": [38, 40, 41, 43, 44, 45, 50, 54, 59, 60, 61, 62, 63, 64, 65, 66, 67, 68, 77, 86, 87, 89], "summary": {"covered_lines": 22, "num_statements": 22, "percent_covered": 100.0, "percent_covered_display": "100", "missing_lines": 0, "excluded_lines": 0}, "missing_lines": [], "excluded_lines": []}, "source_data_columns": {"executed_lines": [94], "summary": {"covered_lines": 1, "num_statements": 1, "percent_covered": 100.0, "percent_covered_display": "100", "missing_lines": 0, "excluded_lines": 0}, "missing_lines": [], "excluded_lines": []}, "": {"executed_lines": [1, 3, 4, 6, 7, 9, 10, 11, 16, 19, 24, 25, 92], "summary": {"covered_lines": 5, "num_statements": 5, "percent_covered": 100.0, "percent_covered_display": "100", "missing_lines": 0, "excluded_lines": 7}, "missing_lines": [], "excluded_lines": [3, 4, 6, 7, 9, 10, 11]}}, "classes": {"": {"executed_lines": [1, 3, 4, 6, 7, 9, 10, 11, 16, 19, 20, 21, 24, 25, 38, 40, 41, 43, 44, 45, 50, 54, 59, 60, 61, 62, 63, 64, 65, 66, 67, 68, 77, 86, 87, 89, 92, 94], "summary": {"covered_lines": 30, "num_statements": 30, "percent_covered": 100.0, "percent_covered_display": "100", "missing_lines": 0, "excluded_lines": 7}, "missing_lines": [], "excluded_lines": [3, 4, 6, 7, 9, 10, 11]}}}, "src/zombie_squirrel/acorn_helpers/unique_project_names.py": {"executed_lines": [1, 3, 5, 6, 8, 9, 10, 16, 17, 30, 32, 33, 35, 36, 37, 42, 46, 52, 53, 55, 58, 60], "summary": {"covered_lines": 15, "num_statements": 15, "percent_covered": 100.0, "percent_covered_display": "100", "missing_lines": 0, "excluded_lines": 6}, "missing_lines": [], "excluded_lines": [3, 5, 6, 8, 9, 10], "functions": {"unique_project_names": {"executed_lines": [30, 32, 33, 35, 36, 37, 42, 46, 52, 53, 55], "summary": {"covered_lines": 11, "num_statements": 11, "percent_covered": 100.0, "percent_covered_display": "100", "missing_lines": 0, "excluded_lines": 0}, "missing_lines": [], "excluded_lines": []}, "unique_project_names_columns": {"executed_lines": [60], "summary": {"covered_lines": 1, "num_statements": 1, "percent_covered": 100.0, "percent_covered_display": "100", "missing_lines": 0, "excluded_lines": 0}, "missing_lines": [], "excluded_lines": []}, "": {"executed_lines": [1, 3, 5, 6, 8, 9, 10, 16, 17, 58], "summary": {"covered_lines": 3, "num_statements": 3, "percent_covered": 100.0, "percent_covered_display": "100", "missing_lines": 0, "excluded_lines": 6}, "missing_lines": [], "excluded_lines": [3, 5, 6, 8, 9, 10]}}, "classes": {"": {"executed_lines": [1, 3, 5, 6, 8, 9, 10, 16, 17, 30, 32, 33, 35, 36, 37, 42, 46, 52, 53, 55, 58, 60], "summary": {"covered_lines": 15, "num_statements": 15, "percent_covered": 100.0, "percent_covered_display": "100", "missing_lines": 0, "excluded_lines": 6}, "missing_lines": [], "excluded_lines": [3, 5, 6, 8, 9, 10]}}}, "src/zombie_squirrel/acorn_helpers/unique_subject_ids.py": {"executed_lines": [1, 3, 5, 6, 8, 9, 10, 16, 17, 30, 32, 33, 35, 36, 37, 42, 46, 52, 53, 55, 58, 60], "summary": {"covered_lines": 15, "num_statements": 15, "percent_covered": 100.0, "percent_covered_display": "100", "missing_lines": 0, "excluded_lines": 6}, "missing_lines": [], "excluded_lines": [3, 5, 6, 8, 9, 10], "functions": {"unique_subject_ids": {"executed_lines": [30, 32, 33, 35, 36, 37, 42, 46, 52, 53, 55], "summary": {"covered_lines": 11, "num_statements": 11, "percent_covered": 100.0, "percent_covered_display": "100", "missing_lines": 0, "excluded_lines": 0}, "missing_lines": [], "excluded_lines": []}, "unique_subject_ids_columns": {"executed_lines": [60], "summary": {"covered_lines": 1, "num_statements": 1, "percent_covered": 100.0, "percent_covered_display": "100", "missing_lines": 0, "excluded_lines": 0}, "missing_lines": [], "excluded_lines": []}, "": {"executed_lines": [1, 3, 5, 6, 8, 9, 10, 16, 17, 58], "summary": {"covered_lines": 3, "num_statements": 3, "percent_covered": 100.0, "percent_covered_display": "100", "missing_lines": 0, "excluded_lines": 6}, "missing_lines": [], "excluded_lines": [3, 5, 6, 8, 9, 10]}}, "classes": {"": {"executed_lines": [1, 3, 5, 6, 8, 9, 10, 16, 17, 30, 32, 33, 35, 36, 37, 42, 46, 52, 53, 55, 58, 60], "summary": {"covered_lines": 15, "num_statements": 15, "percent_covered": 100.0, "percent_covered_display": "100", "missing_lines": 0, "excluded_lines": 6}, "missing_lines": [], "excluded_lines": [3, 5, 6, 8, 9, 10]}}}, "src/zombie_squirrel/acorns.py": {"executed_lines": [1, 3, 4, 5, 6, 8, 12, 16, 18, 20, 23, 24, 29, 35, 44, 47, 50, 52, 53, 55], "summary": {"covered_lines": 9, "num_statements": 9, "percent_covered": 100.0, "percent_covered_display": "100", "missing_lines": 0, "excluded_lines": 14}, "missing_lines": [], "excluded_lines": [3, 4, 5, 6, 8, 12, 20, 21, 22, 23, 24, 29, 30, 31], "functions": {"register_acorn": {"executed_lines": [50, 55], "summary": {"covered_lines": 2, "num_statements": 2, "percent_covered": 100.0, "percent_covered_display": "100", "missing_lines": 0, "excluded_lines": 0}, "missing_lines": [], "excluded_lines": []}, "register_acorn.decorator": {"executed_lines": [52, 53], "summary": {"covered_lines": 2, "num_statements": 2, "percent_covered": 100.0, "percent_covered_display": "100", "missing_lines": 0, "excluded_lines": 0}, "missing_lines": [], "excluded_lines": []}, "": {"executed_lines": [1, 3, 4, 5, 6, 8, 12, 16, 18, 20, 23, 24, 29, 35, 44, 47], "summary": {"covered_lines": 5, "num_statements": 5, "percent_covered": 100.0, "percent_covered_display": "100", "missing_lines": 0, "excluded_lines": 14}, "missing_lines": [], "excluded_lines": [3, 4, 5, 6, 8, 12, 20, 21, 22, 23, 24, 29, 30, 31]}}, "classes": {"": {"executed_lines": [1, 3, 4, 5, 6, 8, 12, 16, 18, 20, 23, 24, 29, 35, 44, 47, 50, 52, 53, 55], "summary": {"covered_lines": 9, "num_statements": 9, "percent_covered": 100.0, "percent_covered_display": "100", "missing_lines": 0, "excluded_lines": 14}, "missing_lines": [], "excluded_lines": [3, 4, 5, 6, 8, 12, 20, 21, 22, 23, 24, 29, 30, 31]}}}, "src/zombie_squirrel/forest.py": {"executed_lines": [1, 3, 4, 5, 7, 8, 9, 11, 14, 15, 17, 19, 21, 22, 26, 27, 38, 39, 43, 44, 49, 50, 52, 54, 55, 57, 59, 60, 63, 64, 65, 68, 73, 79, 85, 86, 87, 89, 91, 92, 94, 95, 100, 101, 106, 107, 108, 113, 115, 123, 138, 140, 141, 143, 144, 145, 146, 147, 148, 150, 151, 157, 158, 163, 164, 165, 168, 171, 172, 174, 176, 177, 178, 180, 182, 187, 189, 195, 196, 197, 199, 201, 206, 208, 210, 211, 212, 214, 216, 219, 221, 223, 224, 225, 226, 227, 228, 229, 231, 232, 237, 239, 240, 245], "summary": {"covered_lines": 92, "num_statements": 97, "percent_covered": 94.84536082474227, "percent_covered_display": "95", "missing_lines": 5, "excluded_lines": 25}, "missing_lines": [117, 118, 119, 120, 121], "excluded_lines": [3, 4, 5, 7, 8, 9, 11, 24, 36, 41, 46, 123, 124, 125, 126, 127, 128, 129, 130, 131, 132, 133, 134, 135, 136], "functions": {"Tree.__init__": {"executed_lines": [19], "summary": {"covered_lines": 1, "num_statements": 1, "percent_covered": 100.0, "percent_covered_display": "100", "missing_lines": 0, "excluded_lines": 0}, "missing_lines": [], "excluded_lines": []}, "Tree.hide": {"executed_lines": [], "summary": {"covered_lines": 0, "num_statements": 0, "percent_covered": 100.0, "percent_covered_display": "100", "missing_lines": 0, "excluded_lines": 1}, "missing_lines": [], "excluded_lines": [24]}, "Tree.scurry": {"executed_lines": [], "summary": {"covered_lines": 0, "num_statements": 0, "percent_covered": 100.0, "percent_covered_display": "100", "missing_lines": 0, "excluded_lines": 1}, "missing_lines": [], "excluded_lines": [36]}, "Tree.get_location": {"executed_lines": [], "summary": {"covered_lines": 0, "num_statements": 0, "percent_covered": 100.0, "percent_covered_display": "100", "missing_lines": 0, "excluded_lines": 1}, "missing_lines": [], "excluded_lines": [41]}, "Tree.plant": {"executed_lines": [], "summary": {"covered_lines": 0, "num_statements": 0, "percent_covered": 100.0, "percent_covered_display": "100", "missing_lines": 0, "excluded_lines": 1}, "missing_lines": [], "excluded_lines": [46]}, "S3Tree.__init__": {"executed_lines": [54, 55], "summary": {"covered_lines": 2, "num_statements": 2, "percent_covered": 100.0, "percent_covered_display": "100", "missing_lines": 0, "excluded_lines": 0}, "missing_lines": [], "excluded_lines": []}, "S3Tree.hide": {"executed_lines": [59, 60, 63, 64, 65, 68, 73], "summary": {"covered_lines": 7, "num_statements": 7, "percent_covered": 100.0, "percent_covered_display": "100", "missing_lines": 0, "excluded_lines": 0}, "missing_lines": [], "excluded_lines": []}, "S3Tree.scurry": {"executed_lines": [85, 86, 87], "summary": {"covered_lines": 3, "num_statements": 3, "percent_covered": 100.0, "percent_covered_display": "100", "missing_lines": 0, "excluded_lines": 0}, "missing_lines": [], "excluded_lines": []}, "S3Tree._scurry_single": {"executed_lines": [91, 92, 94, 95, 100, 101, 106, 107, 108, 113], "summary": {"covered_lines": 10, "num_statements": 10, "percent_covered": 100.0, "percent_covered_display": "100", "missing_lines": 0, "excluded_lines": 0}, "missing_lines": [], "excluded_lines": []}, "S3Tree.get_location": {"executed_lines": [], "summary": {"covered_lines": 0, "num_statements": 5, "percent_covered": 0.0, "percent_covered_display": "0", "missing_lines": 5, "excluded_lines": 0}, "missing_lines": [117, 118, 119, 120, 121], "excluded_lines": []}, "S3Tree.plant": {"executed_lines": [], "summary": {"covered_lines": 0, "num_statements": 0, "percent_covered": 100.0, "percent_covered_display": "100", "missing_lines": 0, "excluded_lines": 13}, "missing_lines": [], "excluded_lines": [124, 125, 126, 127, 128, 129, 130, 131, 132, 133, 134, 135, 136]}, "S3Tree._scurry_multiple": {"executed_lines": [140, 141, 143, 144, 145, 146, 147, 148, 150, 151, 157, 158, 163, 164, 165, 168], "summary": {"covered_lines": 16, "num_statements": 16, "percent_covered": 100.0, "percent_covered_display": "100", "missing_lines": 0, "excluded_lines": 0}, "missing_lines": [], "excluded_lines": []}, "MemoryTree.__init__": {"executed_lines": [176, 177, 178], "summary": {"covered_lines": 3, "num_statements": 3, "percent_covered": 100.0, "percent_covered_display": "100", "missing_lines": 0, "excluded_lines": 0}, "missing_lines": [], "excluded_lines": []}, "MemoryTree.hide": {"executed_lines": [182, 187], "summary": {"covered_lines": 2, "num_statements": 2, "percent_covered": 100.0, "percent_covered_display": "100", "missing_lines": 0, "excluded_lines": 0}, "missing_lines": [], "excluded_lines": []}, "MemoryTree.scurry": {"executed_lines": [195, 196, 197], "summary": {"covered_lines": 3, "num_statements": 3, "percent_covered": 100.0, "percent_covered_display": "100", "missing_lines": 0, "excluded_lines": 0}, "missing_lines": [], "excluded_lines": []}, "MemoryTree._scurry_single": {"executed_lines": [201, 206], "summary": {"covered_lines": 2, "num_statements": 2, "percent_covered": 100.0, "percent_covered_display": "100", "missing_lines": 0, "excluded_lines": 0}, "missing_lines": [], "excluded_lines": []}, "MemoryTree.get_location": {"executed_lines": [210, 211, 212], "summary": {"covered_lines": 3, "num_statements": 3, "percent_covered": 100.0, "percent_covered_display": "100", "missing_lines": 0, "excluded_lines": 0}, "missing_lines": [], "excluded_lines": []}, "MemoryTree.plant": {"executed_lines": [216, 219], "summary": {"covered_lines": 2, "num_statements": 2, "percent_covered": 100.0, "percent_covered_display": "100", "missing_lines": 0, "excluded_lines": 0}, "missing_lines": [], "excluded_lines": []}, "MemoryTree._scurry_multiple": {"executed_lines": [223, 224, 225, 226, 227, 228, 229, 231, 232, 237, 239, 240, 245], "summary": {"covered_lines": 13, "num_statements": 13, "percent_covered": 100.0, "percent_covered_display": "100", "missing_lines": 0, "excluded_lines": 0}, "missing_lines": [], "excluded_lines": []}, "": {"executed_lines": [1, 3, 4, 5, 7, 8, 9, 11, 14, 15, 17, 21, 22, 26, 27, 38, 39, 43, 44, 49, 50, 52, 57, 79, 89, 115, 123, 138, 171, 172, 174, 180, 189, 199, 208, 214, 221], "summary": {"covered_lines": 25, "num_statements": 25, "percent_covered": 100.0, "percent_covered_display": "100", "missing_lines": 0, "excluded_lines": 8}, "missing_lines": [], "excluded_lines": [3, 4, 5, 7, 8, 9, 11, 123]}}, "classes": {"Tree": {"executed_lines": [19], "summary": {"covered_lines": 1, "num_statements": 1, "percent_covered": 100.0, "percent_covered_display": "100", "missing_lines": 0, "excluded_lines": 4}, "missing_lines": [], "excluded_lines": [24, 36, 41, 46]}, "S3Tree": {"executed_lines": [54, 55, 59, 60, 63, 64, 65, 68, 73, 85, 86, 87, 91, 92, 94, 95, 100, 101, 106, 107, 108, 113, 140, 141, 143, 144, 145, 146, 147, 148, 150, 151, 157, 158, 163, 164, 165, 168], "summary": {"covered_lines": 38, "num_statements": 43, "percent_covered": 88.37209302325581, "percent_covered_display": "88", "missing_lines": 5, "excluded_lines": 13}, "missing_lines": [117, 118, 119, 120, 121], "excluded_lines": [124, 125, 126, 127, 128, 129, 130, 131, 132, 133, 134, 135, 136]}, "MemoryTree": {"executed_lines": [176, 177, 178, 182, 187, 195, 196, 197, 201, 206, 210, 211, 212, 216, 219, 223, 224, 225, 226, 227, 228, 229, 231, 232, 237, 239, 240, 245], "summary": {"covered_lines": 28, "num_statements": 28, "percent_covered": 100.0, "percent_covered_display": "100", "missing_lines": 0, "excluded_lines": 0}, "missing_lines": [], "excluded_lines": []}, "": {"executed_lines": [1, 3, 4, 5, 7, 8, 9, 11, 14, 15, 17, 21, 22, 26, 27, 38, 39, 43, 44, 49, 50, 52, 57, 79, 89, 115, 123, 138, 171, 172, 174, 180, 189, 199, 208, 214, 221], "summary": {"covered_lines": 25, "num_statements": 25, "percent_covered": 100.0, "percent_covered_display": "100", "missing_lines": 0, "excluded_lines": 8}, "missing_lines": [], "excluded_lines": [3, 4, 5, 7, 8, 9, 11, 123]}}}, "src/zombie_squirrel/squirrel.py": {"executed_lines": [1, 3, 5, 8, 9, 11, 12, 13, 14, 17, 18, 20, 21, 24, 25, 27, 28, 29, 30, 31, 32, 33, 36, 37, 39], "summary": {"covered_lines": 18, "num_statements": 18, "percent_covered": 100.0, "percent_covered_display": "100", "missing_lines": 0, "excluded_lines": 2}, "missing_lines": [], "excluded_lines": [3, 5], "functions": {"": {"executed_lines": [1, 3, 5, 8, 9, 11, 12, 13, 14, 17, 18, 20, 21, 24, 25, 27, 28, 29, 30, 31, 32, 33, 36, 37, 39], "summary": {"covered_lines": 18, "num_statements": 18, "percent_covered": 100.0, "percent_covered_display": "100", "missing_lines": 0, "excluded_lines": 2}, "missing_lines": [], "excluded_lines": [3, 5]}}, "classes": {"AcornType": {"executed_lines": [], "summary": {"covered_lines": 0, "num_statements": 0, "percent_covered": 100.0, "percent_covered_display": "100", "missing_lines": 0, "excluded_lines": 0}, "missing_lines": [], "excluded_lines": []}, "Column": {"executed_lines": [], "summary": {"covered_lines": 0, "num_statements": 0, "percent_covered": 100.0, "percent_covered_display": "100", "missing_lines": 0, "excluded_lines": 0}, "missing_lines": [], "excluded_lines": []}, "Acorn": {"executed_lines": [], "summary": {"covered_lines": 0, "num_statements": 0, "percent_covered": 100.0, "percent_covered_display": "100", "missing_lines": 0, "excluded_lines": 0}, "missing_lines": [], "excluded_lines": []}, "Squirrel": {"executed_lines": [], "summary": {"covered_lines": 0, "num_statements": 0, "percent_covered": 100.0, "percent_covered_display": "100", "missing_lines": 0, "excluded_lines": 0}, "missing_lines": [], "excluded_lines": []}, "": {"executed_lines": [1, 3, 5, 8, 9, 11, 12, 13, 14, 17, 18, 20, 21, 24, 25, 27, 28, 29, 30, 31, 32, 33, 36, 37, 39], "summary": {"covered_lines": 18, "num_statements": 18, "percent_covered": 100.0, "percent_covered_display": "100", "missing_lines": 0, "excluded_lines": 2}, "missing_lines": [], "excluded_lines": [3, 5]}}}, "src/zombie_squirrel/sync.py": {"executed_lines": [1, 3, 5, 6, 7, 8, 9, 10, 11, 14, 20, 70, 71, 74, 82, 83, 85, 87, 89, 91, 92, 93, 94, 95, 98, 99, 104], "summary": {"covered_lines": 18, "num_statements": 21, "percent_covered": 85.71428571428571, "percent_covered_display": "86", "missing_lines": 3, "excluded_lines": 8}, "missing_lines": [100, 101, 102], "excluded_lines": [3, 5, 6, 7, 8, 9, 10, 11], "functions": {"publish_squirrel_metadata": {"executed_lines": [20, 70, 71], "summary": {"covered_lines": 3, "num_statements": 3, "percent_covered": 100.0, "percent_covered_display": "100", "missing_lines": 0, "excluded_lines": 0}, "missing_lines": [], "excluded_lines": []}, "hide_acorns": {"executed_lines": [82, 83, 85, 87, 89, 91, 92, 93, 94, 95, 98, 99, 104], "summary": {"covered_lines": 13, "num_statements": 16, "percent_covered": 81.25, "percent_covered_display": "81", "missing_lines": 3, "excluded_lines": 0}, "missing_lines": [100, 101, 102], "excluded_lines": []}, "": {"executed_lines": [1, 3, 5, 6, 7, 8, 9, 10, 11, 14, 74], "summary": {"covered_lines": 2, "num_statements": 2, "percent_covered": 100.0, "percent_covered_display": "100", "missing_lines": 0, "excluded_lines": 8}, "missing_lines": [], "excluded_lines": [3, 5, 6, 7, 8, 9, 10, 11]}}, "classes": {"": {"executed_lines": [1, 3, 5, 6, 7, 8, 9, 10, 11, 14, 20, 70, 71, 74, 82, 83, 85, 87, 89, 91, 92, 93, 94, 95, 98, 99, 104], "summary": {"covered_lines": 18, "num_statements": 21, "percent_covered": 85.71428571428571, "percent_covered_display": "86", "missing_lines": 3, "excluded_lines": 8}, "missing_lines": [100, 101, 102], "excluded_lines": [3, 5, 6, 7, 8, 9, 10, 11]}}}, "src/zombie_squirrel/utils.py": {"executed_lines": [1, 3, 5, 8, 9, 11, 12, 13, 15, 17, 20, 26, 29, 39, 42, 52], "summary": {"covered_lines": 12, "num_statements": 12, "percent_covered": 100.0, "percent_covered_display": "100", "missing_lines": 0, "excluded_lines": 2}, "missing_lines": [], "excluded_lines": [3, 5], "functions": {"SquirrelMessage.to_json": {"executed_lines": [17], "summary": {"covered_lines": 1, "num_statements": 1, "percent_covered": 100.0, "percent_covered_display": "100", "missing_lines": 0, "excluded_lines": 0}, "missing_lines": [], "excluded_lines": []}, "setup_logging": {"executed_lines": [26], "summary": {"covered_lines": 1, "num_statements": 1, "percent_covered": 100.0, "percent_covered_display": "100", "missing_lines": 0, "excluded_lines": 0}, "missing_lines": [], "excluded_lines": []}, "prefix_table_name": {"executed_lines": [39], "summary": {"covered_lines": 1, "num_statements": 1, "percent_covered": 100.0, "percent_covered_display": "100", "missing_lines": 0, "excluded_lines": 0}, "missing_lines": [], "excluded_lines": []}, "get_s3_cache_path": {"executed_lines": [52], "summary": {"covered_lines": 1, "num_statements": 1, "percent_covered": 100.0, "percent_covered_display": "100", "missing_lines": 0, "excluded_lines": 0}, "missing_lines": [], "excluded_lines": []}, "": {"executed_lines": [1, 3, 5, 8, 9, 11, 12, 13, 15, 20, 29, 42], "summary": {"covered_lines": 8, "num_statements": 8, "percent_covered": 100.0, "percent_covered_display": "100", "missing_lines": 0, "excluded_lines": 2}, "missing_lines": [], "excluded_lines": [3, 5]}}, "classes": {"SquirrelMessage": {"executed_lines": [17], "summary": {"covered_lines": 1, "num_statements": 1, "percent_covered": 100.0, "percent_covered_display": "100", "missing_lines": 0, "excluded_lines": 0}, "missing_lines": [], "excluded_lines": []}, "": {"executed_lines": [1, 3, 5, 8, 9, 11, 12, 13, 15, 20, 26, 29, 39, 42, 52], "summary": {"covered_lines": 11, "num_statements": 11, "percent_covered": 100.0, "percent_covered_display": "100", "missing_lines": 0, "excluded_lines": 2}, "missing_lines": [], "excluded_lines": [3, 5]}}}}, "totals": {"covered_lines": 357, "num_statements": 365, "percent_covered": 97.8082191780822, "percent_covered_display": "98", "missing_lines": 8, "excluded_lines": 86}}